==58564== Memcheck, a memory error detector
==58564== Copyright (C) 2002-2017, and GNU GPL'd, by Julian Seward et al.
==58564== Using Valgrind-3.18.1 and LibVEX; rerun with -h for copyright info
==58564== Command: ./minishell
==58564== Parent PID: 15504
==58564== 
==58564== 
==58564== HEAP SUMMARY:
==58564==     in use at exit: 208,415 bytes in 237 blocks
==58564==   total heap usage: 1,361 allocs, 1,124 frees, 268,216 bytes allocated
==58564== 
==58564== LEAK SUMMARY:
==58564==    definitely lost: 0 bytes in 0 blocks
==58564==    indirectly lost: 0 bytes in 0 blocks
==58564==      possibly lost: 0 bytes in 0 blocks
==58564==    still reachable: 0 bytes in 0 blocks
==58564==         suppressed: 208,415 bytes in 237 blocks
==58564== 
==58564== For lists of detected and suppressed errors, rerun with: -s
==58564== ERROR SUMMARY: 0 errors from 0 contexts (suppressed: 0 from 0)
